#
# There is insufficient memory for the Java Runtime Environment to continue.
# Native memory allocation (mmap) failed to map 65536 bytes for Failed to commit area from 0x000001e852a80000 to 0x000001e852a90000 of length 65536.
# Possible reasons:
#   The system is out of physical RAM or swap space
#   The process is running with CompressedOops enabled, and the Java Heap may be blocking the growth of the native heap
# Possible solutions:
#   Reduce memory load on the system
#   Increase physical memory or swap space
#   Check if swap backing store is full
#   Decrease Java heap size (-Xmx/-Xms)
#   Decrease number of Java threads
#   Decrease Java thread stack sizes (-Xss)
#   Set larger code cache with -XX:ReservedCodeCacheSize=
# This output file may be truncated or incomplete.
#
#  Out of Memory Error (src/hotspot/os/windows/os_windows.cpp:3627), pid=6856, tid=10704
#
# JRE version:  (11.0.15) (build )
# Java VM: OpenJDK 64-Bit Server VM (11.0.15+0-b2043.56-9505619, mixed mode, sharing, tiered, compressed oops, g1 gc, windows-amd64)
# No core dump will be written. Minidumps are not enabled by default on client versions of Windows
#

---------------  S U M M A R Y ------------

Command Line: git4idea.http.GitAskPassApp Username for 'https://github.com': 

Host: Intel(R) Core(TM) i3-4030U CPU @ 1.90GHz, 4 cores, 7G,  Windows 10 , 64 bit Build 19041 (10.0.19041.3031)
Time: Wed Jun 21 16:59:33 2023 SE Asia Standard Time elapsed time: 0.042093 seconds (0d 0h 0m 0s)

---------------  T H R E A D  ---------------

Current thread (0x000001e83b54f800):  JavaThread "Unknown thread" [_thread_in_vm, id=10704, stack(0x000000bfb0700000,0x000000bfb0800000)]

Stack: [0x000000bfb0700000,0x000000bfb0800000]
Native frames: (J=compiled Java code, j=interpreted, Vv=VM code, C=native code)
V  [jvm.dll+0x64135a]
V  [jvm.dll+0x7d39f9]
V  [jvm.dll+0x7d51b9]
V  [jvm.dll+0x7d58a3]
V  [jvm.dll+0x2691c5]
V  [jvm.dll+0x63e4e9]
V  [jvm.dll+0x632985]
V  [jvm.dll+0x3231ac]
V  [jvm.dll+0x323032]
V  [jvm.dll+0x327d20]
V  [jvm.dll+0x36ffc8]
V  [jvm.dll+0x36fa01]
V  [jvm.dll+0x2fea28]
V  [jvm.dll+0x2ffb25]
V  [jvm.dll+0x7accd7]
V  [jvm.dll+0x7ae49f]
V  [jvm.dll+0x37d299]
V  [jvm.dll+0x78ef9f]
V  [jvm.dll+0x3ec847]
V  [jvm.dll+0x3eed31]
C  [jli.dll+0x52cb]
C  [ucrtbase.dll+0x21bb2]
C  [KERNEL32.DLL+0x17614]
C  [ntdll.dll+0x526f1]


---------------  P R O C E S S  ---------------

Threads class SMR info:
_java_thread_list=0x000001e83b44fba0, length=0, elements={
}

Java Threads: ( => current thread )

Other Threads:
  0x000001e83b569800 GCTaskThread "GC Thread#0" [stack: 0x000000bfb0800000,0x000000bfb0900000] [id=7488]
  0x000001e83b59a800 ConcurrentGCThread "G1 Main Marker" [stack: 0x000000bfb0900000,0x000000bfb0a00000] [id=13844]
  0x000001e83b59e000 ConcurrentGCThread "G1 Conc#0" [stack: 0x000000bfb0a00000,0x000000bfb0b00000] [id=996]

[error occurred during error reporting (printing all threads), id 0xc0000005, EXCEPTION_ACCESS_VIOLATION (0xc0000005) at pc=0x00007ffa6e43f3e7]

VM state:not at safepoint (not fully initialized)

VM Mutex/Monitor currently owned by a thread:  ([mutex/lock_event])
[0x000001e83b54b680] Heap_lock - owner thread: 0x000001e83b54f800

Heap address: 0x0000000081c00000, size: 2020 MB, Compressed Oops mode: Non-zero based: 0x0000000081c00000
Narrow klass base: 0x0000000000000000, Narrow klass shift: 0

GC Heap History (0 events):
No events

Deoptimization events (0 events):
No events

Classes redefined (0 events):
No events

Internal exceptions (0 events):
No events

Events (1 events):
Event: 0.024 Loaded shared library D:\Program Files\AndroidStudio\jbr\bin\zip.dll


Dynamic libraries:
0x00007ff644af0000 - 0x00007ff644afa000 	D:\Program Files\AndroidStudio\jbr\bin\java.exe
0x00007ffaaed10000 - 0x00007ffaaef08000 	C:\Windows\SYSTEM32\ntdll.dll
0x00007ffaae5d0000 - 0x00007ffaae68f000 	C:\Windows\System32\KERNEL32.DLL
0x00007ffaac8e0000 - 0x00007ffaacbd6000 	C:\Windows\System32\KERNELBASE.dll
0x00007ffaac770000 - 0x00007ffaac870000 	C:\Windows\System32\ucrtbase.dll
0x00007ffaa5100000 - 0x00007ffaa511b000 	D:\Program Files\AndroidStudio\jbr\bin\VCRUNTIME140.dll
0x00007ffaa5120000 - 0x00007ffaa5137000 	D:\Program Files\AndroidStudio\jbr\bin\jli.dll
0x00007ffaae420000 - 0x00007ffaae5bd000 	C:\Windows\System32\USER32.dll
0x00007ffaacbe0000 - 0x00007ffaacc02000 	C:\Windows\System32\win32u.dll
0x00007ffa89020000 - 0x00007ffa892ba000 	C:\Windows\WinSxS\amd64_microsoft.windows.common-controls_6595b64144ccf1df_6.0.19041.1110_none_60b5254171f9507e\COMCTL32.dll
0x00007ffaad6d0000 - 0x00007ffaad6fc000 	C:\Windows\System32\GDI32.dll
0x00007ffaad770000 - 0x00007ffaad80e000 	C:\Windows\System32\msvcrt.dll
0x00007ffaac3f0000 - 0x00007ffaac505000 	C:\Windows\System32\gdi32full.dll
0x00007ffaac5f0000 - 0x00007ffaac68d000 	C:\Windows\System32\msvcp_win.dll
0x00007ffaaeac0000 - 0x00007ffaaeaf0000 	C:\Windows\System32\IMM32.DLL
0x00007ffaa6da0000 - 0x00007ffaa6dac000 	D:\Program Files\AndroidStudio\jbr\bin\vcruntime140_1.dll
0x00007ffaa3110000 - 0x00007ffaa319d000 	D:\Program Files\AndroidStudio\jbr\bin\msvcp140.dll
0x00007ffa6e130000 - 0x00007ffa6ecec000 	D:\Program Files\AndroidStudio\jbr\bin\server\jvm.dll
0x00007ffaaeaf0000 - 0x00007ffaaeb9f000 	C:\Windows\System32\ADVAPI32.dll
0x00007ffaad600000 - 0x00007ffaad69c000 	C:\Windows\System32\sechost.dll
0x00007ffaad980000 - 0x00007ffaadaa6000 	C:\Windows\System32\RPCRT4.dll
0x00007ffaad6c0000 - 0x00007ffaad6c8000 	C:\Windows\System32\PSAPI.DLL
0x00007ffaa6c30000 - 0x00007ffaa6c39000 	C:\Windows\SYSTEM32\WSOCK32.dll
0x00007ffaadab0000 - 0x00007ffaadb1b000 	C:\Windows\System32\WS2_32.dll
0x00007ffa89380000 - 0x00007ffa893a7000 	C:\Windows\SYSTEM32\WINMM.dll
0x00007ffaa5f50000 - 0x00007ffaa5f5a000 	C:\Windows\SYSTEM32\VERSION.dll
0x00007ffaaac30000 - 0x00007ffaaac42000 	C:\Windows\SYSTEM32\kernel.appcore.dll
0x00007ffaa6a20000 - 0x00007ffaa6a30000 	D:\Program Files\AndroidStudio\jbr\bin\verify.dll
0x00007ffaa5a70000 - 0x00007ffaa5c54000 	C:\Windows\SYSTEM32\DBGHELP.DLL
0x00007ffaa55b0000 - 0x00007ffaa55e4000 	C:\Windows\SYSTEM32\dbgcore.DLL
0x00007ffaac560000 - 0x00007ffaac5e2000 	C:\Windows\System32\bcryptPrimitives.dll
0x00007ffa95e30000 - 0x00007ffa95e58000 	D:\Program Files\AndroidStudio\jbr\bin\java.dll
0x00007ffaa67a0000 - 0x00007ffaa67aa000 	D:\Program Files\AndroidStudio\jbr\bin\jimage.dll
0x00007ffa96e40000 - 0x00007ffa96e58000 	D:\Program Files\AndroidStudio\jbr\bin\zip.dll

dbghelp: loaded successfully - version: 4.0.5 - missing functions: none
symbol engine: initialized successfully - sym options: 0x614 - pdb path: .;D:\Program Files\AndroidStudio\jbr\bin;C:\Windows\SYSTEM32;C:\Windows\WinSxS\amd64_microsoft.windows.common-controls_6595b64144ccf1df_6.0.19041.1110_none_60b5254171f9507e;D:\Program Files\AndroidStudio\jbr\bin\server

VM Arguments:
java_command: git4idea.http.GitAskPassApp Username for 'https://github.com': 
java_class_path (initial): D:/Program Files/AndroidStudio/plugins/git4idea/lib/git4idea-rt.jar;D:/Program Files/AndroidStudio/lib/externalProcess-rt.jar;D:/Program Files/AndroidStudio/lib/app.jar;D:/Program Files/AndroidStudio/lib/3rd-party-rt.jar
Launcher Type: SUN_STANDARD

[Global flags]
     intx CICompilerCount                          = 3                                         {product} {ergonomic}
     uint ConcGCThreads                            = 1                                         {product} {ergonomic}
     uint G1ConcRefinementThreads                  = 4                                         {product} {ergonomic}
   size_t G1HeapRegionSize                         = 1048576                                   {product} {ergonomic}
    uintx GCDrainStackTargetSize                   = 64                                        {product} {ergonomic}
   size_t InitialHeapSize                          = 134217728                                 {product} {ergonomic}
   size_t MarkStackSize                            = 4194304                                   {product} {ergonomic}
   size_t MaxHeapSize                              = 2118123520                                {product} {ergonomic}
   size_t MinHeapDeltaBytes                        = 1048576                                   {product} {ergonomic}
    uintx NonNMethodCodeHeapSize                   = 5830732                                {pd product} {ergonomic}
    uintx NonProfiledCodeHeapSize                  = 122913754                              {pd product} {ergonomic}
    uintx ProfiledCodeHeapSize                     = 122913754                              {pd product} {ergonomic}
    uintx ReservedCodeCacheSize                    = 251658240                              {pd product} {ergonomic}
     bool SegmentedCodeCache                       = true                                      {product} {ergonomic}
     bool UseCompressedClassPointers               = true                                 {lp64_product} {ergonomic}
     bool UseCompressedOops                        = true                                 {lp64_product} {ergonomic}
     bool UseG1GC                                  = true                                      {product} {ergonomic}
     bool UseLargePagesIndividualAllocation        = false                                  {pd product} {ergonomic}

Logging:
Log output configuration:
 #0: stdout all=warning uptime,level,tags
 #1: stderr all=off uptime,level,tags

Environment Variables:
PATH=C:/Program Files/Git/mingw64/libexec/git-core;C:/Program Files/Git/mingw64/libexec/git-core;C:\Program Files\Git\mingw64\bin;C:\Program Files\Git\usr\bin;C:\Users\ADMIN\bin;C:\MinGW\bin;C:\Windows\system32;C:\Windows;C:\Windows\System32\Wbem;C:\Windows\System32\WindowsPowerShell\v1.0\;C:\Windows\System32\OpenSSH\;C:\MinGW\bin;C:\Program Files\Git\cmd;C:\Program Files (x86)\Dev-Cpp\MinGW64\bin;C:\Users\ADMIN\OneDrive\Ta`i liê?u\GitHub;C:\Program Files\Microsoft SQL Server\Client SDK\ODBC\170\Tools\Binn\;C:\Program Files\dotnet\;C:\Users\ADMIN\AppData\Local\Microsoft\WindowsApps;C:\Users\ADMIN\AppData\Local\GitHubDesktop\bin;C:\Program Files\Azure Data Studio\bin;C:\Users\ADMIN\.dotnet\tools
USERNAME=ADMIN
DISPLAY=:0.0
LC_ALL=en_US.UTF-8
OS=Windows_NT
PROCESSOR_IDENTIFIER=Intel64 Family 6 Model 69 Stepping 1, GenuineIntel



---------------  S Y S T E M  ---------------

OS: Windows 10 , 64 bit Build 19041 (10.0.19041.3031)
OS uptime: 3 days 10:12 hours

CPU:total 4 (initial active 4) (2 cores per cpu, 2 threads per core) family 6 model 69 stepping 1 microcode 0x25, cmov, cx8, fxsr, mmx, sse, sse2, sse3, ssse3, sse4.1, sse4.2, popcnt, avx, avx2, aes, clmul, erms, lzcnt, ht, tsc, tscinvbit, bmi1, bmi2, fma

Memory: 4k page, system-wide physical 8075M (582M free)
TotalPageFile size 13666M (AvailPageFile size 195M)
current process WorkingSet (physical memory assigned to process): 12M, peak: 12M
current process commit charge ("private bytes"): 182M, peak: 182M

vm_info: OpenJDK 64-Bit Server VM (11.0.15+0-b2043.56-9505619) for windows-amd64 JRE (11.0.15+0-b2043.56-9505619), built on Jan 19 2023 02:48:00 by "builduser" with unknown MS VC++:1929

END.
